<?xml version="1.0" encoding="UTF-8"?>
<testng-results ignored="0" total="2" passed="2" failed="0" skipped="0">
  <reporter-output>
  </reporter-output>
  <suite started-at="2024-07-22T12:40:14Z" name="Tests" finished-at="2024-07-22T12:40:26Z" duration-ms="12173">
    <groups>
    </groups>
    <test started-at="2024-07-22T12:40:14Z" name="Test" finished-at="2024-07-22T12:40:26Z" duration-ms="12173">
      <class name="programs.Test1">
        <test-method is-config="true" signature="launchBrowser()[pri:0, instance:programs.Test1@12d4bf7e]" started-at="2024-07-22T12:40:14Z" name="launchBrowser" finished-at="2024-07-22T12:40:23Z" duration-ms="8681" status="PASS">
          <reporter-output>
          </reporter-output>
        </test-method> <!-- launchBrowser -->
        <test-method is-config="true" signature="verifyHomepageTitle()[pri:0, instance:programs.Test1@12d4bf7e]" started-at="2024-07-22T12:40:23Z" name="verifyHomepageTitle" finished-at="2024-07-22T12:40:23Z" duration-ms="25" status="PASS">
          <reporter-output>
          </reporter-output>
        </test-method> <!-- verifyHomepageTitle -->
        <test-method signature="register()[pri:0, instance:programs.Test1@12d4bf7e]" started-at="2024-07-22T12:40:23Z" name="register" finished-at="2024-07-22T12:40:25Z" duration-ms="2639" status="PASS">
          <reporter-output>
          </reporter-output>
        </test-method> <!-- register -->
        <test-method is-config="true" signature="goBackToHomepage()[pri:0, instance:programs.Test1@12d4bf7e]" started-at="2024-07-22T12:40:25Z" name="goBackToHomepage" finished-at="2024-07-22T12:40:25Z" duration-ms="1" status="PASS">
          <reporter-output>
          </reporter-output>
        </test-method> <!-- goBackToHomepage -->
        <test-method is-config="true" signature="verifyHomepageTitle()[pri:0, instance:programs.Test1@12d4bf7e]" started-at="2024-07-22T12:40:25Z" name="verifyHomepageTitle" finished-at="2024-07-22T12:40:25Z" duration-ms="13" status="PASS">
          <reporter-output>
          </reporter-output>
        </test-method> <!-- verifyHomepageTitle -->
        <test-method signature="support()[pri:1, instance:programs.Test1@12d4bf7e]" started-at="2024-07-22T12:40:25Z" name="support" finished-at="2024-07-22T12:40:26Z" duration-ms="138" status="PASS">
          <reporter-output>
          </reporter-output>
        </test-method> <!-- support -->
        <test-method is-config="true" signature="terminateBrowser()[pri:0, instance:programs.Test1@12d4bf7e]" started-at="2024-07-22T12:40:26Z" name="terminateBrowser" finished-at="2024-07-22T12:40:26Z" duration-ms="660" status="PASS">
          <reporter-output>
          </reporter-output>
        </test-method> <!-- terminateBrowser -->
        <test-method is-config="true" signature="goBackToHomepage()[pri:0, instance:programs.Test1@12d4bf7e]" started-at="2024-07-22T12:40:26Z" name="goBackToHomepage" finished-at="2024-07-22T12:40:26Z" duration-ms="0" status="PASS">
          <reporter-output>
          </reporter-output>
        </test-method> <!-- goBackToHomepage -->
      </class> <!-- programs.Test1 -->
    </test> <!-- Test -->
  </suite> <!-- Tests -->
</testng-results>
